<?xml version="1.0" encoding="UTF-8"?>
<!-- Generated by org.testng.reporters.JUnitReportReporter -->
<testsuite skipped="0" hostname="ATMECSINLT-002" name="com.konakart.testscenarios.SearchProductScenario" tests="14" failures="0" timestamp="2019-10-23T21:08:47 IST" time="198.720" errors="0">
  <testcase name="OutComeOfSearch" time="18.177" classname="com.konakart.testscenarios.SearchProductScenario"/>
  <testcase name="OutComeOfSearch" time="18.382" classname="com.konakart.testscenarios.SearchProductScenario"/>
  <testcase name="OutComeOfSearch" time="18.705" classname="com.konakart.testscenarios.SearchProductScenario"/>
  <testcase name="OutComeOfSearch" time="18.735" classname="com.konakart.testscenarios.SearchProductScenario"/>
  <testcase name="OutComeOfSearch" time="17.555" classname="com.konakart.testscenarios.SearchProductScenario"/>
  <testcase name="OutComeOfSearch" time="18.401" classname="com.konakart.testscenarios.SearchProductScenario"/>
  <testcase name="OutComeOfSearch" time="4.369" classname="com.konakart.testscenarios.SearchProductScenario"/>
  <testcase name="OutComeOfSearch" time="18.025" classname="com.konakart.testscenarios.SearchProductScenario"/>
  <testcase name="OutComeOfSearch" time="4.014" classname="com.konakart.testscenarios.SearchProductScenario"/>
  <testcase name="OutComeOfSearch" time="4.073" classname="com.konakart.testscenarios.SearchProductScenario"/>
  <testcase name="OutComeOfSearch" time="18.048" classname="com.konakart.testscenarios.SearchProductScenario"/>
  <testcase name="OutComeOfSearch" time="4.192" classname="com.konakart.testscenarios.SearchProductScenario"/>
  <testcase name="OutComeOfSearch" time="17.362" classname="com.konakart.testscenarios.SearchProductScenario"/>
  <testcase name="OutComeOfSearch" time="18.682" classname="com.konakart.testscenarios.SearchProductScenario"/>
</testsuite> <!-- com.konakart.testscenarios.SearchProductScenario -->
