<?xml version="1.0" encoding="UTF-8"?>
<!-- Generated by org.testng.reporters.JUnitReportReporter -->
<testsuite skipped="0" hostname="ATMECSINLT-002" name="com.konakart.testscenarios.SpecificProductValidationScenario" tests="1" failures="0" timestamp="2019-10-23T21:28:39 IST" time="35.464" errors="0">
  <testcase name="navigateToProductDetails" time="35.464" classname="com.konakart.testscenarios.SpecificProductValidationScenario"/>
</testsuite> <!-- com.konakart.testscenarios.SpecificProductValidationScenario -->
