<?xml version="1.0" encoding="UTF-8"?>
<!-- Generated by org.testng.reporters.JUnitReportReporter -->
<testsuite hostname="ATMECSINLT-002" failures="0" tests="1" name="com.konakart.testscenarios.SpecificProductValidationScenario" time="27.609" errors="0" timestamp="2019-10-22T11:29:43 IST" skipped="0">
  <testcase classname="com.konakart.testscenarios.SpecificProductValidationScenario" name="navigateToProductDetails" time="27.609"/>
</testsuite> <!-- com.konakart.testscenarios.SpecificProductValidationScenario -->
